<?xml version="1.0" encoding="UTF-8"?>
<!-- Generated by org.testng.reporters.JUnitReportReporter -->
<testsuite skipped="0" hostname="Nkosis-MacBook-Pro.local" name="selen.TestC" tests="3" failures="0" timestamp="26 Nov 2018 07:59:19 GMT" time="31.644" errors="0">
  <testcase name="load_Facebook_page" time="14.883" classname="selen.TestC"/>
  <testcase name="Invalid_login" time="16.751" classname="selen.TestC"/>
  <testcase name="Verify_right_screen_displayed" time="0.010" classname="selen.TestC"/>
</testsuite> <!-- selen.TestC -->
